#-----------------------------------------------------------
# Vivado v2017.4 (64-bit)
# SW Build 2086221 on Fri Dec 15 20:55:39 MST 2017
# IP Build 2085800 on Fri Dec 15 22:25:07 MST 2017
# Start of session at: Thu May 24 11:39:20 2018
# Process ID: 3416
# Current directory: C:/Users/arthur/Documents/GitHub/Cora-Z7/Cora-Z7-10-Basic-IO/proj
# Command line: vivado.exe -gui_launcher_event rodinguilauncherevent16900 C:\Users\arthur\Documents\GitHub\Cora-Z7\Cora-Z7-10-Basic-IO\proj\Cora-Z7-10-Basic-IO.xpr
# Log file: C:/Users/arthur/Documents/GitHub/Cora-Z7/Cora-Z7-10-Basic-IO/proj/vivado.log
# Journal file: C:/Users/arthur/Documents/GitHub/Cora-Z7/Cora-Z7-10-Basic-IO/proj\vivado.jou
#-----------------------------------------------------------
Sourcing tcl script 'C:/Users/arthur/AppData/Roaming/Xilinx/Vivado/Vivado_init.tcl'
42 Beta devices matching pattern found, 0 enabled.
INFO: [Common 17-1463] Init.tcl in C:/Users/arthur/AppData/Roaming/Xilinx/Vivado/init.tcl is not used. Vivado_init.tcl is already sourced.
start_gui
open_project C:/Users/arthur/Documents/GitHub/Cora-Z7/Cora-Z7-10-Basic-IO/proj/Cora-Z7-10-Basic-IO.xpr
Scanning sources...
Finished scanning sources
INFO: [IP_Flow 19-234] Refreshing IP repositories
INFO: [IP_Flow 19-1704] No user IP repositories specified
INFO: [IP_Flow 19-2313] Loaded Vivado IP repository 'C:/Xilinx/Vivado/2017.4/data/ip'.
update_compile_order -fileset sources_1
launch_runs impl_1 -to_step write_bitstream -jobs 12
[Thu May 24 11:39:47 2018] Launched synth_1...
Run output will be captured here: C:/Users/arthur/Documents/GitHub/Cora-Z7/Cora-Z7-10-Basic-IO/proj/Cora-Z7-10-Basic-IO.runs/synth_1/runme.log
[Thu May 24 11:39:47 2018] Launched impl_1...
Run output will be captured here: C:/Users/arthur/Documents/GitHub/Cora-Z7/Cora-Z7-10-Basic-IO/proj/Cora-Z7-10-Basic-IO.runs/impl_1/runme.log
archive_project C:/Users/arthur/Documents/GitHub/Cora-Z7/Cora-Z7-10-Basic-IO/Cora-Z7-10-Basic-IO.xpr.zip -temp_dir C:/Users/arthur/Documents/GitHub/Cora-Z7/Cora-Z7-10-Basic-IO/proj/.Xil/Vivado-3416-WK142 -force -include_local_ip_cache
INFO: [Coretcl 2-137] starting archive...
INFO: [Coretcl 2-1499] Saving project copy to temporary location 'C:/Users/arthur/Documents/GitHub/Cora-Z7/Cora-Z7-10-Basic-IO/proj/.Xil/Vivado-3416-WK142' for archiving project
Scanning sources...
Finished scanning sources
INFO: [Coretcl 2-1211] Creating project copy for archival...
INFO: [ProjectBase 1-495] The host OS only allows 260 characters in a normal path. The project is stored in a path with more than 80 characters. If you experience any problem with archiving the project, please consider setting environment variable $TEMP to a shorter path.
Current project path is 'C:/Users/arthur/Documents/GitHub/Cora-Z7/Cora-Z7-10-Basic-IO/proj/.Xil/Vivado-3416-WK142/PrjAr/_X_'.
INFO: [Coretcl 2-1213] Including run results for 'synth_1'
INFO: [Coretcl 2-1213] Including run results for 'impl_1'
INFO: [Coretcl 2-1209] Adding archive summary file to the project...
INFO: [Coretcl 2-1214] Preparing project files for archive...
INFO: [Coretcl 2-1210] Compressing project files and data...
INFO: [Coretcl 2-1215] Project archived (C:/Users/arthur/Documents/GitHub/Cora-Z7/Cora-Z7-10-Basic-IO/Cora-Z7-10-Basic-IO.xpr.zip)
INFO: [Coretcl 2-1216] To view the archive summary log in GUI, double click on 'Design Sources->Text->archive_project_summary.txt', or open this file from the archived project directory.
reset_run impl_1 -prev_step 
launch_runs impl_1 -to_step write_bitstream -jobs 12
[Thu May 24 13:42:10 2018] Launched impl_1...
Run output will be captured here: C:/Users/arthur/Documents/GitHub/Cora-Z7/Cora-Z7-10-Basic-IO/proj/Cora-Z7-10-Basic-IO.runs/impl_1/runme.log
reset_run synth_1
launch_runs impl_1 -to_step write_bitstream -jobs 12
[Thu May 24 13:43:04 2018] Launched synth_1...
Run output will be captured here: C:/Users/arthur/Documents/GitHub/Cora-Z7/Cora-Z7-10-Basic-IO/proj/Cora-Z7-10-Basic-IO.runs/synth_1/runme.log
[Thu May 24 13:43:04 2018] Launched impl_1...
Run output will be captured here: C:/Users/arthur/Documents/GitHub/Cora-Z7/Cora-Z7-10-Basic-IO/proj/Cora-Z7-10-Basic-IO.runs/impl_1/runme.log
reset_run synth_1
launch_runs impl_1 -to_step write_bitstream -jobs 12
[Thu May 24 14:06:28 2018] Launched synth_1...
Run output will be captured here: C:/Users/arthur/Documents/GitHub/Cora-Z7/Cora-Z7-10-Basic-IO/proj/Cora-Z7-10-Basic-IO.runs/synth_1/runme.log
[Thu May 24 14:06:28 2018] Launched impl_1...
Run output will be captured here: C:/Users/arthur/Documents/GitHub/Cora-Z7/Cora-Z7-10-Basic-IO/proj/Cora-Z7-10-Basic-IO.runs/impl_1/runme.log
open_hw
connect_hw_server
INFO: [Labtools 27-2285] Connecting to hw_server url TCP:localhost:3121
open_hw_target
INFO: [Labtoolstcl 44-466] Opening hw_target localhost:3121/xilinx_tcf/Digilent/210370A88D06A
set_property PROGRAM.FILE {C:/Users/arthur/Documents/GitHub/Cora-Z7/Cora-Z7-10-Basic-IO/proj/Cora-Z7-10-Basic-IO.runs/impl_1/top.bit} [get_hw_devices xc7z010_1]
current_hw_device [get_hw_devices xc7z010_1]
refresh_hw_device -update_hw_probes false [lindex [get_hw_devices xc7z010_1] 0]
INFO: [Labtools 27-1434] Device xc7z010 (JTAG device index = 1) is programmed with a design that has no supported debug core(s) in it.
WARNING: [Labtools 27-3361] The debug hub core was not detected.
Resolution: 
1. Make sure the clock connected to the debug hub (dbg_hub) core is a free running clock and is active.
2. Make sure the BSCAN_SWITCH_USER_MASK device property in Vivado Hardware Manager reflects the user scan chain setting in the design and refresh the device.  To determine the user scan chain setting in the design, open the implemented design and use 'get_property C_USER_SCAN_CHAIN [get_debug_cores dbg_hub]'.
For more details on setting the scan chain property, consult the Vivado Debug and Programming User Guide (UG908).
set_property PROBES.FILE {} [get_hw_devices xc7z010_1]
set_property FULL_PROBES.FILE {} [get_hw_devices xc7z010_1]
set_property PROGRAM.FILE {C:/Users/arthur/Documents/GitHub/Cora-Z7/Cora-Z7-10-Basic-IO/proj/Cora-Z7-10-Basic-IO.runs/impl_1/top.bit} [get_hw_devices xc7z010_1]
program_hw_devices [get_hw_devices xc7z010_1]
INFO: [Labtools 27-3164] End of startup status: HIGH
refresh_hw_device [lindex [get_hw_devices xc7z010_1] 0]
INFO: [Labtools 27-1434] Device xc7z010 (JTAG device index = 1) is programmed with a design that has no supported debug core(s) in it.
WARNING: [Labtools 27-3361] The debug hub core was not detected.
Resolution: 
1. Make sure the clock connected to the debug hub (dbg_hub) core is a free running clock and is active.
2. Make sure the BSCAN_SWITCH_USER_MASK device property in Vivado Hardware Manager reflects the user scan chain setting in the design and refresh the device.  To determine the user scan chain setting in the design, open the implemented design and use 'get_property C_USER_SCAN_CHAIN [get_debug_cores dbg_hub]'.
For more details on setting the scan chain property, consult the Vivado Debug and Programming User Guide (UG908).
archive_project C:/Users/arthur/Documents/GitHub/Cora-Z7/Cora-Z7-10-Basic-IO/Cora-Z7-10-Basic-IO.xpr.zip -temp_dir C:/Users/arthur/Documents/GitHub/Cora-Z7/Cora-Z7-10-Basic-IO/proj/.Xil/Vivado-3416-WK142 -force -include_local_ip_cache
INFO: [Coretcl 2-137] starting archive...
INFO: [Coretcl 2-1499] Saving project copy to temporary location 'C:/Users/arthur/Documents/GitHub/Cora-Z7/Cora-Z7-10-Basic-IO/proj/.Xil/Vivado-3416-WK142' for archiving project
Scanning sources...
Finished scanning sources
INFO: [Coretcl 2-1211] Creating project copy for archival...
INFO: [ProjectBase 1-495] The host OS only allows 260 characters in a normal path. The project is stored in a path with more than 80 characters. If you experience any problem with archiving the project, please consider setting environment variable $TEMP to a shorter path.
Current project path is 'C:/Users/arthur/Documents/GitHub/Cora-Z7/Cora-Z7-10-Basic-IO/proj/.Xil/Vivado-3416-WK142/PrjAr/_X_'.
INFO: [Coretcl 2-1213] Including run results for 'synth_1'
INFO: [Coretcl 2-1213] Including run results for 'impl_1'
